0 info it worked if it ends with ok
1 verbose cli [ 'node', '/usr/local/bin/npm', 'i', 'bluebird', '-', '--save' ]
2 info using npm@1.4.28
3 info using node@v0.10.32
4 verbose readDependencies using package.json deps
5 verbose cache add [ 'bluebird@^2.3.11', null ]
6 verbose cache add name=undefined spec="bluebird@^2.3.11" args=["bluebird@^2.3.11",null]
7 verbose parsed url { protocol: null,
7 verbose parsed url   slashes: null,
7 verbose parsed url   auth: null,
7 verbose parsed url   host: null,
7 verbose parsed url   port: null,
7 verbose parsed url   hostname: null,
7 verbose parsed url   hash: null,
7 verbose parsed url   search: null,
7 verbose parsed url   query: null,
7 verbose parsed url   pathname: 'bluebird@^2.3.11',
7 verbose parsed url   path: 'bluebird@^2.3.11',
7 verbose parsed url   href: 'bluebird@^2.3.11' }
8 verbose cache add [ '-', null ]
9 verbose cache add name=undefined spec="-" args=["-",null]
10 verbose parsed url { protocol: null,
10 verbose parsed url   slashes: null,
10 verbose parsed url   auth: null,
10 verbose parsed url   host: null,
10 verbose parsed url   port: null,
10 verbose parsed url   hostname: null,
10 verbose parsed url   hash: null,
10 verbose parsed url   search: null,
10 verbose parsed url   query: null,
10 verbose parsed url   pathname: '-',
10 verbose parsed url   path: '-',
10 verbose parsed url   href: '-' }
11 verbose cache add name="bluebird" spec="^2.3.11" args=["bluebird","^2.3.11"]
12 verbose parsed url { protocol: null,
12 verbose parsed url   slashes: null,
12 verbose parsed url   auth: null,
12 verbose parsed url   host: null,
12 verbose parsed url   port: null,
12 verbose parsed url   hostname: null,
12 verbose parsed url   hash: null,
12 verbose parsed url   search: null,
12 verbose parsed url   query: null,
12 verbose parsed url   pathname: '^2.3.11',
12 verbose parsed url   path: '^2.3.11',
12 verbose parsed url   href: '^2.3.11' }
13 verbose addNamed [ 'bluebird', '^2.3.11' ]
14 verbose addNamed [ null, '>=2.3.11-0 <3.0.0-0' ]
15 silly lockFile e9047d44-bluebird-2-3-11 bluebird@^2.3.11
16 verbose lock bluebird@^2.3.11 /Users/kristinweekley/.npm/e9047d44-bluebird-2-3-11.lock
17 silly lockFile 3bc15c8a- -
18 verbose lock - /Users/kristinweekley/.npm/3bc15c8a-.lock
19 silly addNameRange { name: 'bluebird',
19 silly addNameRange   range: '>=2.3.11-0 <3.0.0-0',
19 silly addNameRange   hasData: false }
20 silly lockFile 3bc15c8a- -
21 silly lockFile 3bc15c8a- -
22 verbose addNamed [ '-', '' ]
23 verbose addNamed [ null, '*' ]
24 silly lockFile c75fe0d4- -@
25 verbose lock -@ /Users/kristinweekley/.npm/c75fe0d4-.lock
26 silly addNameRange { name: '-', range: '*', hasData: false }
27 verbose request where is /-
28 verbose request registry https://registry.npmjs.org/
29 verbose request id 7229563c051658e1
30 verbose url raw /-
31 verbose url resolving [ 'https://registry.npmjs.org/', './-' ]
32 verbose url resolved https://registry.npmjs.org/-
33 verbose request where is https://registry.npmjs.org/-
34 info trying registry request attempt 1 at 14:40:02
35 http GET https://registry.npmjs.org/-
36 verbose request where is /bluebird
37 verbose request registry https://registry.npmjs.org/
38 verbose url raw /bluebird
39 verbose url resolving [ 'https://registry.npmjs.org/', './bluebird' ]
40 verbose url resolved https://registry.npmjs.org/bluebird
41 verbose request where is https://registry.npmjs.org/bluebird
42 info trying registry request attempt 1 at 14:40:02
43 verbose etag "2ETZQQV4EOGVFXDLED20XK35P"
44 http GET https://registry.npmjs.org/bluebird
45 http 404 https://registry.npmjs.org/-
46 verbose headers { date: 'Tue, 11 Nov 2014 21:40:03 GMT',
46 verbose headers   server: 'CouchDB/1.5.0 (Erlang OTP/R16B03)',
46 verbose headers   'content-type': 'application/json',
46 verbose headers   'cache-control': 'max-age=0',
46 verbose headers   'content-length': '52',
46 verbose headers   'accept-ranges': 'bytes',
46 verbose headers   via: '1.1 varnish',
46 verbose headers   age: '0',
46 verbose headers   'x-served-by': 'cache-dfw1833-DFW',
46 verbose headers   'x-cache': 'MISS',
46 verbose headers   'x-cache-hits': '0',
46 verbose headers   'x-timer': 'S1415742002.846536,VS0,VE183',
46 verbose headers   'keep-alive': 'timeout=10, max=50',
46 verbose headers   connection: 'Keep-Alive' }
47 silly registry.get cb [ 404,
47 silly registry.get   { date: 'Tue, 11 Nov 2014 21:40:03 GMT',
47 silly registry.get     server: 'CouchDB/1.5.0 (Erlang OTP/R16B03)',
47 silly registry.get     'content-type': 'application/json',
47 silly registry.get     'cache-control': 'max-age=0',
47 silly registry.get     'content-length': '52',
47 silly registry.get     'accept-ranges': 'bytes',
47 silly registry.get     via: '1.1 varnish',
47 silly registry.get     age: '0',
47 silly registry.get     'x-served-by': 'cache-dfw1833-DFW',
47 silly registry.get     'x-cache': 'MISS',
47 silly registry.get     'x-cache-hits': '0',
47 silly registry.get     'x-timer': 'S1415742002.846536,VS0,VE183',
47 silly registry.get     'keep-alive': 'timeout=10, max=50',
47 silly registry.get     connection: 'Keep-Alive' } ]
48 silly lockFile c75fe0d4- -@
49 silly lockFile c75fe0d4- -@
50 http 200 https://registry.npmjs.org/bluebird
51 silly registry.get cb [ 200,
51 silly registry.get   { date: 'Tue, 11 Nov 2014 21:40:03 GMT',
51 silly registry.get     server: 'CouchDB/1.5.0 (Erlang OTP/R16B03)',
51 silly registry.get     etag: '"B5YFF3UPA1V1LQ5I44ESK2LLZ"',
51 silly registry.get     'content-type': 'application/json',
51 silly registry.get     'cache-control': 'max-age=60',
51 silly registry.get     'content-length': '236816',
51 silly registry.get     'accept-ranges': 'bytes',
51 silly registry.get     via: '1.1 varnish',
51 silly registry.get     age: '0',
51 silly registry.get     'x-served-by': 'cache-dfw1820-DFW',
51 silly registry.get     'x-cache': 'HIT',
51 silly registry.get     'x-cache-hits': '1',
51 silly registry.get     'x-timer': 'S1415742002.847491,VS0,VE261',
51 silly registry.get     vary: 'Accept',
51 silly registry.get     'keep-alive': 'timeout=10, max=50',
51 silly registry.get     connection: 'Keep-Alive' } ]
52 silly addNameRange number 2 { name: 'bluebird', range: '>=2.3.11-0 <3.0.0-0', hasData: true }
53 silly addNameRange versions [ 'bluebird',
53 silly addNameRange   [ '0.7.1-1',
53 silly addNameRange     '0.7.1-2',
53 silly addNameRange     '0.7.1-3',
53 silly addNameRange     '0.7.1-4',
53 silly addNameRange     '0.7.1-5',
53 silly addNameRange     '0.7.2-0',
53 silly addNameRange     '0.7.3-0',
53 silly addNameRange     '0.7.4-0',
53 silly addNameRange     '0.7.4-1',
53 silly addNameRange     '0.7.5-0',
53 silly addNameRange     '0.7.6-0',
53 silly addNameRange     '0.7.7-0',
53 silly addNameRange     '0.7.7-1',
53 silly addNameRange     '0.7.8-0',
53 silly addNameRange     '0.7.8-1',
53 silly addNameRange     '0.7.9-0',
53 silly addNameRange     '0.7.9-1',
53 silly addNameRange     '0.7.10-0',
53 silly addNameRange     '0.7.10-1',
53 silly addNameRange     '0.7.11-0',
53 silly addNameRange     '0.7.12-0',
53 silly addNameRange     '0.7.12-1',
53 silly addNameRange     '0.7.12-2',
53 silly addNameRange     '0.8.0-0',
53 silly addNameRange     '0.8.0-1',
53 silly addNameRange     '0.8.0-2',
53 silly addNameRange     '0.8.0-3',
53 silly addNameRange     '0.8.1-0',
53 silly addNameRange     '0.8.2-0',
53 silly addNameRange     '0.8.2-1',
53 silly addNameRange     '0.8.2-2',
53 silly addNameRange     '0.8.3-0',
53 silly addNameRange     '0.8.3-1',
53 silly addNameRange     '0.8.3-2',
53 silly addNameRange     '0.8.3-3',
53 silly addNameRange     '0.8.4-0',
53 silly addNameRange     '0.8.4-1',
53 silly addNameRange     '0.8.5-0',
53 silly addNameRange     '0.8.5-1',
53 silly addNameRange     '0.9.0-0',
53 silly addNameRange     '0.9.1-0',
53 silly addNameRange     '0.9.1-1',
53 silly addNameRange     '0.9.2-0',
53 silly addNameRange     '0.9.2-1',
53 silly addNameRange     '0.9.3-0',
53 silly addNameRange     '0.9.4-0',
53 silly addNameRange     '0.9.4-1',
53 silly addNameRange     '0.9.5-0',
53 silly addNameRange     '0.9.6-0',
53 silly addNameRange     '0.9.7-0',
53 silly addNameRange     '0.9.8-0',
53 silly addNameRange     '0.9.9-0',
53 silly addNameRange     '0.9.10-0',
53 silly addNameRange     '0.9.10-1',
53 silly addNameRange     '0.9.11-0',
53 silly addNameRange     '0.9.11-1',
53 silly addNameRange     '0.10.0-0',
53 silly addNameRange     '0.10.0-1',
53 silly addNameRange     '0.10.1-0',
53 silly addNameRange     '0.10.2-0',
53 silly addNameRange     '0.10.2-1',
53 silly addNameRange     '0.10.3-0',
53 silly addNameRange     '0.10.4-0',
53 silly addNameRange     '0.10.4-1',
53 silly addNameRange     '0.10.5-0',
53 silly addNameRange     '0.10.6-0',
53 silly addNameRange     '0.10.7-0',
53 silly addNameRange     '0.10.8-0',
53 silly addNameRange     '0.10.9-0',
53 silly addNameRange     '0.10.9-1',
53 silly addNameRange     '0.10.10-0',
53 silly addNameRange     '0.10.11-0',
53 silly addNameRange     '0.10.11-1',
53 silly addNameRange     '0.10.11-2',
53 silly addNameRange     '0.10.11-4',
53 silly addNameRange     '0.10.12-0',
53 silly addNameRange     '0.10.13-0',
53 silly addNameRange     '0.10.13-1',
53 silly addNameRange     '0.10.14-0',
53 silly addNameRange     '0.11.0-0',
53 silly addNameRange     '0.11.1-0',
53 silly addNameRange     '0.11.2-0',
53 silly addNameRange     '0.11.3-0',
53 silly addNameRange     '0.11.4-0',
53 silly addNameRange     '0.11.4-1',
53 silly addNameRange     '0.11.5-0',
53 silly addNameRange     '0.11.5-1',
53 silly addNameRange     '0.11.6-0',
53 silly addNameRange     '1.0.0',
53 silly addNameRange     '1.0.1',
53 silly addNameRange     '1.0.2',
53 silly addNameRange     '1.0.3',
53 silly addNameRange     '1.0.4',
53 silly addNameRange     '1.0.5',
53 silly addNameRange     '1.0.7',
53 silly addNameRange     '1.0.8',
53 silly addNameRange     '1.1.0',
53 silly addNameRange     '1.1.1',
53 silly addNameRange     '1.2.0',
53 silly addNameRange     '1.2.1',
53 silly addNameRange     '1.2.2',
53 silly addNameRange     '1.2.3',
53 silly addNameRange     '1.2.4',
53 silly addNameRange     '2.0.2',
53 silly addNameRange     '2.0.3',
53 silly addNameRange     '2.0.4',
53 silly addNameRange     '2.0.5',
53 silly addNameRange     '2.0.6',
53 silly addNameRange     '2.0.7',
53 silly addNameRange     '2.1.1',
53 silly addNameRange     '2.1.2',
53 silly addNameRange     '2.1.3',
53 silly addNameRange     '2.2.0',
53 silly addNameRange     '2.2.1',
53 silly addNameRange     '2.2.2',
53 silly addNameRange     '2.3.0',
53 silly addNameRange     '2.3.1',
53 silly addNameRange     '2.3.2',
53 silly addNameRange     '2.3.3',
53 silly addNameRange     '2.3.4',
53 silly addNameRange     '2.3.5',
53 silly addNameRange     '0.11.6',
53 silly addNameRange     '2.3.6',
53 silly addNameRange     '2.3.9',
53 silly addNameRange     '2.3.10',
53 silly addNameRange     '2.3.11' ] ]
54 verbose addNamed [ 'bluebird', '2.3.11' ]
55 verbose addNamed [ '2.3.11', '2.3.11' ]
56 silly lockFile 367964ae-bluebird-2-3-11 bluebird@2.3.11
57 verbose lock bluebird@2.3.11 /Users/kristinweekley/.npm/367964ae-bluebird-2-3-11.lock
58 silly lockFile 1898dfb0-org-bluebird-bluebird-2-3-11-tgz https://registry.npmjs.org/bluebird/-/bluebird-2.3.11.tgz
59 verbose lock https://registry.npmjs.org/bluebird/-/bluebird-2.3.11.tgz /Users/kristinweekley/.npm/1898dfb0-org-bluebird-bluebird-2-3-11-tgz.lock
60 verbose addRemoteTarball [ 'https://registry.npmjs.org/bluebird/-/bluebird-2.3.11.tgz',
60 verbose addRemoteTarball   '15bb78ed32abf27b090640c0f85e4b91f615c8b6' ]
61 info retry fetch attempt 1 at 14:40:03
62 verbose fetch to= /var/folders/c0/44hxy2gx1nx5ry5gwl3bdz_r0000gn/T/npm-10863-AvQ3Zr04/registry.npmjs.org/bluebird/-/bluebird-2.3.11.tgz
63 http GET https://registry.npmjs.org/bluebird/-/bluebird-2.3.11.tgz
64 http 200 https://registry.npmjs.org/bluebird/-/bluebird-2.3.11.tgz
65 silly lockFile 1898dfb0-org-bluebird-bluebird-2-3-11-tgz https://registry.npmjs.org/bluebird/-/bluebird-2.3.11.tgz
66 silly lockFile 1898dfb0-org-bluebird-bluebird-2-3-11-tgz https://registry.npmjs.org/bluebird/-/bluebird-2.3.11.tgz
67 silly lockFile 367964ae-bluebird-2-3-11 bluebird@2.3.11
68 silly lockFile 367964ae-bluebird-2-3-11 bluebird@2.3.11
69 silly lockFile e9047d44-bluebird-2-3-11 bluebird@^2.3.11
70 silly lockFile e9047d44-bluebird-2-3-11 bluebird@^2.3.11
71 error Error: not_found document not found: -
71 error     at RegClient.<anonymous> (/usr/local/lib/node_modules/npm/node_modules/npm-registry-client/lib/request.js:308:14)
71 error     at Request._callback (/usr/local/lib/node_modules/npm/node_modules/npm-registry-client/lib/request.js:246:65)
71 error     at Request.self.callback (/usr/local/lib/node_modules/npm/node_modules/request/request.js:236:22)
71 error     at Request.emit (events.js:98:17)
71 error     at Request.<anonymous> (/usr/local/lib/node_modules/npm/node_modules/request/request.js:1142:14)
71 error     at Request.emit (events.js:117:20)
71 error     at IncomingMessage.<anonymous> (/usr/local/lib/node_modules/npm/node_modules/request/request.js:1096:12)
71 error     at IncomingMessage.emit (events.js:117:20)
71 error     at _stream_readable.js:943:16
71 error     at process._tickCallback (node.js:419:13)
72 error If you need help, you may report this *entire* log,
72 error including the npm and node versions, at:
72 error     <http://github.com/npm/npm/issues>
73 error System Darwin 13.4.0
74 error command "node" "/usr/local/bin/npm" "i" "bluebird" "-" "--save"
75 error cwd /Users/kristinweekley/Documents/devmountain/myprojects/forever-planned
76 error node -v v0.10.32
77 error npm -v 1.4.28
78 verbose exit [ 1, true ]
